presentation/build/intermediates/manifest_merge_blame_file/noAnalyticsRelease/manifest-merger-blame-noAnalytics-release-report.txt
1<?xml version="1.0" encoding="utf-8"?>
2<!--
3  ~ Copyright (C) 2017 Moez Bhatti <moez.bhatti@gmail.com>
4  ~
5  ~ This file is part of QKSMS.
6  ~
7  ~ QKSMS is free software: you can redistribute it and/or modify
8  ~ it under the terms of the GNU General Public License as published by
9  ~ the Free Software Foundation, either version 3 of the License, or
10  ~ (at your option) any later version.
11  ~
12  ~ QKSMS is distributed in the hope that it will be useful,
13  ~ but WITHOUT ANY WARRANTY; without even the implied warranty of
14  ~ MERCHANTABILITY or FITNESS FOR A PARTICULAR PURPOSE.  See the
15  ~ GNU General Public License for more details.
16  ~
17  ~ You should have received a copy of the GNU General Public License
18  ~ along with QKSMS.  If not, see <http://www.gnu.org/licenses/>.
19-->
20<manifest xmlns:android="http://schemas.android.com/apk/res/android"
21    package="call.control.block.messaging"
22    android:versionCode="2225"
23    android:versionName="1.0.0" >
24
25    <uses-sdk
26        android:minSdkVersion="26"
27        android:targetSdkVersion="33" />
28
29    <uses-feature
29-->src/main/AndroidManifest.xml:23:5-25:36
30        android:name="android.hardware.telephony"
30-->src/main/AndroidManifest.xml:24:9-50
31        android:required="false" />
31-->src/main/AndroidManifest.xml:25:9-33
32
33    <uses-permission android:name="android.permission.ACCESS_NETWORK_STATE" />
33-->src/main/AndroidManifest.xml:27:5-79
33-->src/main/AndroidManifest.xml:27:22-76
34    <uses-permission android:name="android.permission.CALL_PHONE" />
34-->src/main/AndroidManifest.xml:28:5-69
34-->src/main/AndroidManifest.xml:28:22-66
35    <!-- Used for starting foreground service for backup/restore on Android P+ -->
36    <uses-permission android:name="android.permission.FOREGROUND_SERVICE" />
36-->src/main/AndroidManifest.xml:30:5-77
36-->src/main/AndroidManifest.xml:30:22-74
37    <!-- <uses-permission android:name="android.permission.INTERNET" /> -->
38    <uses-permission android:name="android.permission.POST_NOTIFICATIONS" />
38-->src/main/AndroidManifest.xml:32:5-76
38-->src/main/AndroidManifest.xml:32:22-74
39    <uses-permission android:name="android.permission.READ_CONTACTS" />
39-->src/main/AndroidManifest.xml:33:5-72
39-->src/main/AndroidManifest.xml:33:22-69
40    <uses-permission android:name="android.permission.READ_SMS" />
40-->src/main/AndroidManifest.xml:34:5-67
40-->src/main/AndroidManifest.xml:34:22-64
41    <uses-permission android:name="android.permission.READ_PHONE_STATE" />
41-->src/main/AndroidManifest.xml:35:5-75
41-->src/main/AndroidManifest.xml:35:22-72
42    <uses-permission android:name="android.permission.RECEIVE_BOOT_COMPLETED" />
42-->src/main/AndroidManifest.xml:36:5-81
42-->src/main/AndroidManifest.xml:36:22-78
43    <uses-permission android:name="android.permission.RECEIVE_MMS" />
43-->src/main/AndroidManifest.xml:37:5-70
43-->src/main/AndroidManifest.xml:37:22-67
44    <uses-permission android:name="android.permission.RECEIVE_SMS" />
44-->src/main/AndroidManifest.xml:38:5-70
44-->src/main/AndroidManifest.xml:38:22-67
45    <uses-permission android:name="android.permission.SCHEDULE_EXACT_ALARM" />
45-->src/main/AndroidManifest.xml:39:5-79
45-->src/main/AndroidManifest.xml:39:22-76
46    <uses-permission android:name="android.permission.SEND_SMS" />
46-->src/main/AndroidManifest.xml:40:5-67
46-->src/main/AndroidManifest.xml:40:22-64
47    <uses-permission android:name="android.permission.VIBRATE" />
47-->src/main/AndroidManifest.xml:41:5-66
47-->src/main/AndroidManifest.xml:41:22-63
48    <uses-permission android:name="android.permission.WAKE_LOCK" />
48-->src/main/AndroidManifest.xml:42:5-68
48-->src/main/AndroidManifest.xml:42:22-65
49    <uses-permission android:name="android.permission.READ_MEDIA_IMAGES" />
49-->src/main/AndroidManifest.xml:43:5-76
49-->src/main/AndroidManifest.xml:43:22-73
50    <uses-permission android:name="android.permission.READ_MEDIA_VIDEO" />
50-->src/main/AndroidManifest.xml:44:5-75
50-->src/main/AndroidManifest.xml:44:22-72
51    <uses-permission android:name="android.permission.READ_MEDIA_AUDIO" />
51-->src/main/AndroidManifest.xml:45:5-75
51-->src/main/AndroidManifest.xml:45:22-72
52
53    <queries>
53-->src/main/AndroidManifest.xml:256:5-260:15
54        <package android:name="com.cuiet.blockCalls" />
54-->src/main/AndroidManifest.xml:257:9-56
54-->src/main/AndroidManifest.xml:257:18-53
55        <package android:name="com.flexaspect.android.everycallcontrol" />
55-->src/main/AndroidManifest.xml:258:9-75
55-->src/main/AndroidManifest.xml:258:18-72
56        <package android:name="call.control.block.messaging" />
56-->src/main/AndroidManifest.xml:259:9-64
56-->src/main/AndroidManifest.xml:259:18-61
57    </queries>
58
59    <!-- for android -->
60    <!-- <uses-permission android:name="com.android.launcher.permission.READ_SETTINGS"/> -->
61    <!-- <uses-permission android:name="com.android.launcher.permission.WRITE_SETTINGS"/> -->
62    <!-- <uses-permission android:name="com.android.launcher.permission.INSTALL_SHORTCUT" /> -->
63    <!-- <uses-permission android:name="com.android.launcher.permission.UNINSTALL_SHORTCUT" /> -->
64    <!-- for Samsung -->
65    <uses-permission android:name="com.sec.android.provider.badge.permission.READ" />
65-->[me.leolin:ShortcutBadger:1.1.22] AndroidManifest.xml:19:5-86
65-->[me.leolin:ShortcutBadger:1.1.22] AndroidManifest.xml:19:22-83
66    <uses-permission android:name="com.sec.android.provider.badge.permission.WRITE" /> <!-- for htc -->
66-->[me.leolin:ShortcutBadger:1.1.22] AndroidManifest.xml:20:5-87
66-->[me.leolin:ShortcutBadger:1.1.22] AndroidManifest.xml:20:22-84
67    <uses-permission android:name="com.htc.launcher.permission.READ_SETTINGS" />
67-->[me.leolin:ShortcutBadger:1.1.22] AndroidManifest.xml:23:5-81
67-->[me.leolin:ShortcutBadger:1.1.22] AndroidManifest.xml:23:22-78
68    <uses-permission android:name="com.htc.launcher.permission.UPDATE_SHORTCUT" /> <!-- for sony -->
68-->[me.leolin:ShortcutBadger:1.1.22] AndroidManifest.xml:24:5-83
68-->[me.leolin:ShortcutBadger:1.1.22] AndroidManifest.xml:24:22-80
69    <uses-permission android:name="com.sonyericsson.home.permission.BROADCAST_BADGE" />
69-->[me.leolin:ShortcutBadger:1.1.22] AndroidManifest.xml:27:5-88
69-->[me.leolin:ShortcutBadger:1.1.22] AndroidManifest.xml:27:22-85
70    <uses-permission android:name="com.sonymobile.home.permission.PROVIDER_INSERT_BADGE" /> <!-- for apex -->
70-->[me.leolin:ShortcutBadger:1.1.22] AndroidManifest.xml:28:5-92
70-->[me.leolin:ShortcutBadger:1.1.22] AndroidManifest.xml:28:22-89
71    <uses-permission android:name="com.anddoes.launcher.permission.UPDATE_COUNT" /> <!-- for solid -->
71-->[me.leolin:ShortcutBadger:1.1.22] AndroidManifest.xml:31:5-84
71-->[me.leolin:ShortcutBadger:1.1.22] AndroidManifest.xml:31:22-81
72    <uses-permission android:name="com.majeur.launcher.permission.UPDATE_BADGE" /> <!-- for huawei -->
72-->[me.leolin:ShortcutBadger:1.1.22] AndroidManifest.xml:34:5-83
72-->[me.leolin:ShortcutBadger:1.1.22] AndroidManifest.xml:34:22-80
73    <uses-permission android:name="com.huawei.android.launcher.permission.CHANGE_BADGE" />
73-->[me.leolin:ShortcutBadger:1.1.22] AndroidManifest.xml:37:5-91
73-->[me.leolin:ShortcutBadger:1.1.22] AndroidManifest.xml:37:22-88
74    <uses-permission android:name="com.huawei.android.launcher.permission.READ_SETTINGS" />
74-->[me.leolin:ShortcutBadger:1.1.22] AndroidManifest.xml:38:5-92
74-->[me.leolin:ShortcutBadger:1.1.22] AndroidManifest.xml:38:22-89
75    <uses-permission android:name="com.huawei.android.launcher.permission.WRITE_SETTINGS" /> <!-- for ZUK -->
75-->[me.leolin:ShortcutBadger:1.1.22] AndroidManifest.xml:39:5-93
75-->[me.leolin:ShortcutBadger:1.1.22] AndroidManifest.xml:39:22-90
76    <uses-permission android:name="android.permission.READ_APP_BADGE" /> <!-- for OPPO -->
76-->[me.leolin:ShortcutBadger:1.1.22] AndroidManifest.xml:42:5-73
76-->[me.leolin:ShortcutBadger:1.1.22] AndroidManifest.xml:42:22-70
77    <uses-permission android:name="com.oppo.launcher.permission.READ_SETTINGS" />
77-->[me.leolin:ShortcutBadger:1.1.22] AndroidManifest.xml:45:5-82
77-->[me.leolin:ShortcutBadger:1.1.22] AndroidManifest.xml:45:22-79
78    <uses-permission android:name="com.oppo.launcher.permission.WRITE_SETTINGS" /> <!-- for EvMe -->
78-->[me.leolin:ShortcutBadger:1.1.22] AndroidManifest.xml:46:5-83
78-->[me.leolin:ShortcutBadger:1.1.22] AndroidManifest.xml:46:22-80
79    <uses-permission android:name="me.everything.badger.permission.BADGE_COUNT_READ" />
79-->[me.leolin:ShortcutBadger:1.1.22] AndroidManifest.xml:49:5-88
79-->[me.leolin:ShortcutBadger:1.1.22] AndroidManifest.xml:49:22-85
80    <uses-permission android:name="me.everything.badger.permission.BADGE_COUNT_WRITE" />
80-->[me.leolin:ShortcutBadger:1.1.22] AndroidManifest.xml:50:5-89
80-->[me.leolin:ShortcutBadger:1.1.22] AndroidManifest.xml:50:22-86
81
82    <application
82-->src/main/AndroidManifest.xml:47:5-254:19
83        android:name="dev.octoshrimpy.quik.common.QKApplication"
83-->src/main/AndroidManifest.xml:48:9-45
84        android:allowBackup="true"
84-->src/main/AndroidManifest.xml:49:9-35
85        android:appComponentFactory="androidx.core.app.CoreComponentFactory"
85-->[androidx.core:core:1.5.0] AndroidManifest.xml:24:18-86
86        android:extractNativeLibs="false"
87        android:icon="@mipmap/ic_launcher"
87-->src/main/AndroidManifest.xml:50:9-43
88        android:label="@string/app_name"
88-->src/main/AndroidManifest.xml:51:9-41
89        android:requestLegacyExternalStorage="true"
89-->src/main/AndroidManifest.xml:52:9-52
90        android:supportsRtl="true"
90-->src/main/AndroidManifest.xml:53:9-35
91        android:theme="@style/AppLaunchTheme" >
91-->src/main/AndroidManifest.xml:54:9-46
92        <activity
92-->src/main/AndroidManifest.xml:56:9-68:20
93            android:name="dev.octoshrimpy.quik.feature.main.MainActivity"
93-->src/main/AndroidManifest.xml:57:13-54
94            android:exported="true"
94-->src/main/AndroidManifest.xml:58:13-36
95            android:launchMode="singleTask" >
95-->src/main/AndroidManifest.xml:59:13-44
96            <intent-filter>
96-->src/main/AndroidManifest.xml:60:13-64:29
97                <action android:name="android.intent.action.MAIN" />
97-->src/main/AndroidManifest.xml:61:17-69
97-->src/main/AndroidManifest.xml:61:25-66
98
99                <category android:name="android.intent.category.LAUNCHER" />
99-->src/main/AndroidManifest.xml:62:17-77
99-->src/main/AndroidManifest.xml:62:27-74
100                <category android:name="android.intent.category.APP_MESSAGING" />
100-->src/main/AndroidManifest.xml:63:17-82
100-->src/main/AndroidManifest.xml:63:27-79
101            </intent-filter>
102
103            <meta-data
103-->src/main/AndroidManifest.xml:65:13-67:53
104                android:name="android.app.shortcuts"
104-->src/main/AndroidManifest.xml:66:17-53
105                android:resource="@xml/shortcuts" />
105-->src/main/AndroidManifest.xml:67:17-50
106        </activity>
107        <activity
107-->src/main/AndroidManifest.xml:69:9-112:20
108            android:name="dev.octoshrimpy.quik.feature.compose.ComposeActivity"
108-->src/main/AndroidManifest.xml:70:13-60
109            android:exported="true"
109-->src/main/AndroidManifest.xml:71:13-36
110            android:parentActivityName="dev.octoshrimpy.quik.feature.main.MainActivity" >
110-->src/main/AndroidManifest.xml:72:13-68
111            <intent-filter>
111-->src/main/AndroidManifest.xml:73:13-87:29
112                <action android:name="android.intent.action.VIEW" />
112-->src/main/AndroidManifest.xml:74:17-69
112-->src/main/AndroidManifest.xml:74:25-66
113                <action android:name="android.intent.action.MAIN" />
113-->src/main/AndroidManifest.xml:61:17-69
113-->src/main/AndroidManifest.xml:61:25-66
114                <action android:name="android.intent.action.SEND" />
114-->src/main/AndroidManifest.xml:76:17-69
114-->src/main/AndroidManifest.xml:76:25-66
115                <action android:name="android.intent.action.SENDTO" />
115-->src/main/AndroidManifest.xml:77:17-71
115-->src/main/AndroidManifest.xml:77:25-68
116
117                <category android:name="android.intent.category.DEFAULT" />
117-->src/main/AndroidManifest.xml:79:17-76
117-->src/main/AndroidManifest.xml:79:27-73
118                <category android:name="android.intent.category.BROWSABLE" />
118-->src/main/AndroidManifest.xml:80:17-78
118-->src/main/AndroidManifest.xml:80:27-75
119
120                <data android:scheme="sms" />
120-->src/main/AndroidManifest.xml:82:17-46
120-->src/main/AndroidManifest.xml:82:23-43
121                <data android:scheme="smsto" />
121-->src/main/AndroidManifest.xml:82:17-46
121-->src/main/AndroidManifest.xml:82:23-43
122                <data android:scheme="mms" />
122-->src/main/AndroidManifest.xml:82:17-46
122-->src/main/AndroidManifest.xml:82:23-43
123                <data android:scheme="mmsto" />
123-->src/main/AndroidManifest.xml:82:17-46
123-->src/main/AndroidManifest.xml:82:23-43
124                <data android:scheme="sms_body" />
124-->src/main/AndroidManifest.xml:82:17-46
124-->src/main/AndroidManifest.xml:82:23-43
125            </intent-filter>
126            <intent-filter>
126-->src/main/AndroidManifest.xml:88:13-92:29
127                <action android:name="android.intent.action.SEND" />
127-->src/main/AndroidManifest.xml:76:17-69
127-->src/main/AndroidManifest.xml:76:25-66
128
129                <category android:name="android.intent.category.DEFAULT" />
129-->src/main/AndroidManifest.xml:79:17-76
129-->src/main/AndroidManifest.xml:79:27-73
130
131                <data android:mimeType="text/plain" />
131-->src/main/AndroidManifest.xml:82:17-46
131-->src/main/AndroidManifest.xml:91:23-52
132            </intent-filter>
133            <intent-filter>
133-->src/main/AndroidManifest.xml:93:13-97:29
134                <action android:name="android.intent.action.SEND" />
134-->src/main/AndroidManifest.xml:76:17-69
134-->src/main/AndroidManifest.xml:76:25-66
135
136                <category android:name="android.intent.category.DEFAULT" />
136-->src/main/AndroidManifest.xml:79:17-76
136-->src/main/AndroidManifest.xml:79:27-73
137
138                <data android:mimeType="image/*" />
138-->src/main/AndroidManifest.xml:82:17-46
138-->src/main/AndroidManifest.xml:91:23-52
139            </intent-filter>
140            <intent-filter>
140-->src/main/AndroidManifest.xml:98:13-102:29
141                <action android:name="android.intent.action.SEND_MULTIPLE" />
141-->src/main/AndroidManifest.xml:99:17-78
141-->src/main/AndroidManifest.xml:99:25-75
142
143                <category android:name="android.intent.category.DEFAULT" />
143-->src/main/AndroidManifest.xml:79:17-76
143-->src/main/AndroidManifest.xml:79:27-73
144
145                <data android:mimeType="image/*" />
145-->src/main/AndroidManifest.xml:82:17-46
145-->src/main/AndroidManifest.xml:91:23-52
146            </intent-filter>
147            <intent-filter>
147-->src/main/AndroidManifest.xml:103:13-107:29
148                <action android:name="android.intent.action.SEND" />
148-->src/main/AndroidManifest.xml:76:17-69
148-->src/main/AndroidManifest.xml:76:25-66
149
150                <category android:name="android.intent.category.DEFAULT" />
150-->src/main/AndroidManifest.xml:79:17-76
150-->src/main/AndroidManifest.xml:79:27-73
151
152                <data android:mimeType="text/x-vcard" />
152-->src/main/AndroidManifest.xml:82:17-46
152-->src/main/AndroidManifest.xml:91:23-52
153            </intent-filter>
154
155            <meta-data
155-->src/main/AndroidManifest.xml:109:13-111:71
156                android:name="android.service.chooser.chooser_target_service"
156-->src/main/AndroidManifest.xml:110:17-78
157                android:value=".common.util.QkChooserTargetService" />
157-->src/main/AndroidManifest.xml:111:17-68
158        </activity>
159        <activity android:name="dev.octoshrimpy.quik.feature.settings.SettingsActivity" />
159-->src/main/AndroidManifest.xml:113:9-71
159-->src/main/AndroidManifest.xml:113:19-68
160        <activity android:name="dev.octoshrimpy.quik.feature.plus.PlusActivity" />
160-->src/main/AndroidManifest.xml:114:9-63
160-->src/main/AndroidManifest.xml:114:19-60
161        <activity
161-->src/main/AndroidManifest.xml:115:9-117:53
162            android:name="dev.octoshrimpy.quik.feature.gallery.GalleryActivity"
162-->src/main/AndroidManifest.xml:116:13-60
163            android:theme="@style/AppTheme.Black" />
163-->src/main/AndroidManifest.xml:117:13-50
164        <activity android:name="dev.octoshrimpy.quik.feature.conversationinfo.ConversationInfoActivity" />
164-->src/main/AndroidManifest.xml:118:9-87
164-->src/main/AndroidManifest.xml:118:19-84
165        <activity android:name="dev.octoshrimpy.quik.feature.notificationprefs.NotificationPrefsActivity" />
165-->src/main/AndroidManifest.xml:119:9-89
165-->src/main/AndroidManifest.xml:119:19-86
166        <activity android:name="dev.octoshrimpy.quik.feature.blocking.BlockingActivity" />
166-->src/main/AndroidManifest.xml:120:9-71
166-->src/main/AndroidManifest.xml:120:19-68
167        <activity
167-->src/main/AndroidManifest.xml:121:9-126:58
168            android:name="dev.octoshrimpy.quik.feature.qkreply.QkReplyActivity"
168-->src/main/AndroidManifest.xml:122:13-60
169            android:excludeFromRecents="true"
169-->src/main/AndroidManifest.xml:123:13-46
170            android:taskAffinity=""
170-->src/main/AndroidManifest.xml:124:13-36
171            android:theme="@style/AppThemeDialog"
171-->src/main/AndroidManifest.xml:125:13-50
172            android:windowSoftInputMode="adjustResize" />
172-->src/main/AndroidManifest.xml:126:13-55
173        <activity android:name="dev.octoshrimpy.quik.feature.scheduled.ScheduledActivity" />
173-->src/main/AndroidManifest.xml:127:9-73
173-->src/main/AndroidManifest.xml:127:19-70
174        <activity android:name="dev.octoshrimpy.quik.feature.backup.BackupActivity" />
174-->src/main/AndroidManifest.xml:128:9-67
174-->src/main/AndroidManifest.xml:128:19-64
175        <activity android:name="dev.octoshrimpy.quik.feature.contacts.ContactsActivity" />
175-->src/main/AndroidManifest.xml:129:9-71
175-->src/main/AndroidManifest.xml:129:19-68
176
177        <receiver
177-->src/main/AndroidManifest.xml:131:9-137:20
178            android:name="dev.octoshrimpy.quik.receiver.BootReceiver"
178-->src/main/AndroidManifest.xml:132:13-50
179            android:exported="true" >
179-->src/main/AndroidManifest.xml:133:13-36
180            <intent-filter>
180-->src/main/AndroidManifest.xml:134:13-136:29
181                <action android:name="android.intent.action.BOOT_COMPLETED" />
181-->src/main/AndroidManifest.xml:135:17-79
181-->src/main/AndroidManifest.xml:135:25-76
182            </intent-filter>
183        </receiver>
184        <receiver
184-->src/main/AndroidManifest.xml:138:9-144:20
185            android:name="dev.octoshrimpy.quik.receiver.DefaultSmsChangedReceiver"
185-->src/main/AndroidManifest.xml:139:13-63
186            android:exported="true" >
186-->src/main/AndroidManifest.xml:140:13-36
187            <intent-filter>
187-->src/main/AndroidManifest.xml:141:13-143:29
188                <action android:name="android.provider.action.DEFAULT_SMS_PACKAGE_CHANGED" />
188-->src/main/AndroidManifest.xml:142:17-94
188-->src/main/AndroidManifest.xml:142:25-91
189            </intent-filter>
190        </receiver>
191        <receiver android:name="dev.octoshrimpy.quik.receiver.DeleteMessagesReceiver" />
191-->src/main/AndroidManifest.xml:145:9-69
191-->src/main/AndroidManifest.xml:145:19-66
192        <receiver
192-->src/main/AndroidManifest.xml:146:9-153:20
193            android:name="dev.octoshrimpy.quik.receiver.SmsReceiver"
193-->src/main/AndroidManifest.xml:147:13-49
194            android:exported="true"
194-->src/main/AndroidManifest.xml:148:13-36
195            android:permission="android.permission.BROADCAST_SMS" >
195-->src/main/AndroidManifest.xml:149:13-66
196            <intent-filter>
196-->src/main/AndroidManifest.xml:150:13-152:29
197                <action android:name="android.provider.Telephony.SMS_DELIVER" />
197-->src/main/AndroidManifest.xml:151:17-81
197-->src/main/AndroidManifest.xml:151:25-78
198            </intent-filter>
199        </receiver>
200        <receiver
200-->src/main/AndroidManifest.xml:154:9-162:20
201            android:name="dev.octoshrimpy.quik.receiver.MmsReceiver"
201-->src/main/AndroidManifest.xml:155:13-49
202            android:exported="true"
202-->src/main/AndroidManifest.xml:156:13-36
203            android:permission="android.permission.BROADCAST_WAP_PUSH" >
203-->src/main/AndroidManifest.xml:157:13-71
204            <intent-filter>
204-->src/main/AndroidManifest.xml:158:13-161:29
205                <action android:name="android.provider.Telephony.WAP_PUSH_DELIVER" />
205-->src/main/AndroidManifest.xml:159:17-86
205-->src/main/AndroidManifest.xml:159:25-83
206
207                <data android:mimeType="application/vnd.wap.mms-message" />
207-->src/main/AndroidManifest.xml:82:17-46
207-->src/main/AndroidManifest.xml:91:23-52
208            </intent-filter>
209        </receiver>
210        <receiver android:name="dev.octoshrimpy.quik.receiver.SmsSentReceiver" />
210-->src/main/AndroidManifest.xml:163:9-62
210-->src/main/AndroidManifest.xml:163:19-59
211        <receiver android:name="dev.octoshrimpy.quik.receiver.SmsDeliveredReceiver" />
211-->src/main/AndroidManifest.xml:164:9-67
211-->src/main/AndroidManifest.xml:164:19-64
212        <receiver
212-->src/main/AndroidManifest.xml:165:9-167:68
213            android:name="dev.octoshrimpy.quik.receiver.MmsSentReceiver"
213-->src/main/AndroidManifest.xml:166:13-53
214            android:taskAffinity="dev.octoshrimpy.quik.MMS_SENT" />
214-->src/main/AndroidManifest.xml:167:13-65
215        <receiver
215-->src/main/AndroidManifest.xml:168:9-170:71
216            android:name="dev.octoshrimpy.quik.receiver.MmsUpdatedReceiver"
216-->src/main/AndroidManifest.xml:169:13-56
217            android:taskAffinity="dev.octoshrimpy.quik.MMS_UPDATED" />
217-->src/main/AndroidManifest.xml:170:13-68
218        <receiver
218-->src/main/AndroidManifest.xml:171:9-173:81
219            android:name="dev.octoshrimpy.quik.receiver.MmsReceivedReceiver"
219-->src/main/AndroidManifest.xml:172:13-57
220            android:taskAffinity="com.klinker.android.messaging.MMS_RECEIVED" />
220-->src/main/AndroidManifest.xml:173:13-78
221        <receiver android:name="dev.octoshrimpy.quik.receiver.MarkArchivedReceiver" />
221-->src/main/AndroidManifest.xml:174:9-67
221-->src/main/AndroidManifest.xml:174:19-64
222        <receiver android:name="dev.octoshrimpy.quik.receiver.BlockThreadReceiver" />
222-->src/main/AndroidManifest.xml:175:9-66
222-->src/main/AndroidManifest.xml:175:19-63
223        <receiver android:name="dev.octoshrimpy.quik.receiver.MarkSeenReceiver" />
223-->src/main/AndroidManifest.xml:176:9-63
223-->src/main/AndroidManifest.xml:176:19-60
224        <receiver android:name="dev.octoshrimpy.quik.receiver.MarkReadReceiver" />
224-->src/main/AndroidManifest.xml:177:9-63
224-->src/main/AndroidManifest.xml:177:19-60
225        <receiver android:name="dev.octoshrimpy.quik.receiver.RemoteMessagingReceiver" />
225-->src/main/AndroidManifest.xml:178:9-70
225-->src/main/AndroidManifest.xml:178:19-67
226        <receiver android:name="dev.octoshrimpy.quik.receiver.NightModeReceiver" />
226-->src/main/AndroidManifest.xml:179:9-64
226-->src/main/AndroidManifest.xml:179:19-61
227        <receiver
227-->src/main/AndroidManifest.xml:180:9-186:20
228            android:name="dev.octoshrimpy.quik.receiver.SmsProviderChangedReceiver"
228-->src/main/AndroidManifest.xml:181:13-64
229            android:exported="true" >
229-->src/main/AndroidManifest.xml:182:13-36
230            <intent-filter>
230-->src/main/AndroidManifest.xml:183:13-185:29
231                <action android:name="android.provider.action.EXTERNAL_PROVIDER_CHANGE" />
231-->src/main/AndroidManifest.xml:184:17-91
231-->src/main/AndroidManifest.xml:184:25-88
232            </intent-filter>
233        </receiver>
234        <receiver android:name="dev.octoshrimpy.quik.receiver.SendScheduledMessageReceiver" />
234-->src/main/AndroidManifest.xml:188:9-75
234-->src/main/AndroidManifest.xml:188:19-72
235        <receiver
235-->src/main/AndroidManifest.xml:189:9-200:20
236            android:name="dev.octoshrimpy.quik.feature.widget.WidgetProvider"
236-->src/main/AndroidManifest.xml:190:13-58
237            android:exported="true" >
237-->src/main/AndroidManifest.xml:191:13-36
238            <intent-filter>
238-->src/main/AndroidManifest.xml:192:13-195:29
239                <action android:name="android.appwidget.action.APPWIDGET_UPDATE" />
239-->src/main/AndroidManifest.xml:193:17-84
239-->src/main/AndroidManifest.xml:193:25-81
240                <action android:name="dev.octoshrimpy.quik.intent.action.ACTION_NOTIFY_DATASET_CHANGED" />
240-->src/main/AndroidManifest.xml:194:17-107
240-->src/main/AndroidManifest.xml:194:25-104
241            </intent-filter>
242
243            <meta-data
243-->src/main/AndroidManifest.xml:197:13-199:55
244                android:name="android.appwidget.provider"
244-->src/main/AndroidManifest.xml:198:17-58
245                android:resource="@xml/widget_info" />
245-->src/main/AndroidManifest.xml:199:17-52
246        </receiver>
247        <receiver android:name="dev.octoshrimpy.quik.receiver.SendSmsReceiver" />
247-->src/main/AndroidManifest.xml:201:9-62
247-->src/main/AndroidManifest.xml:201:19-59
248
249        <service android:name="com.android.mms.transaction.TransactionService" />
249-->src/main/AndroidManifest.xml:203:9-82
249-->src/main/AndroidManifest.xml:203:18-79
250        <service android:name="dev.octoshrimpy.quik.feature.backup.RestoreBackupService" />
250-->src/main/AndroidManifest.xml:204:9-72
250-->src/main/AndroidManifest.xml:204:18-69
251        <service
251-->src/main/AndroidManifest.xml:205:9-207:72
252            android:name="dev.octoshrimpy.quik.feature.widget.WidgetService"
252-->src/main/AndroidManifest.xml:206:13-57
253            android:permission="android.permission.BIND_REMOTEVIEWS" />
253-->src/main/AndroidManifest.xml:207:13-69
254        <service
254-->src/main/AndroidManifest.xml:209:9-211:72
255            android:name="dev.octoshrimpy.quik.service.AutoDeleteService"
255-->src/main/AndroidManifest.xml:210:13-54
256            android:permission="android.permission.BIND_JOB_SERVICE" />
256-->src/main/AndroidManifest.xml:211:13-69
257        <service
257-->src/main/AndroidManifest.xml:212:9-225:19
258            android:name="dev.octoshrimpy.quik.service.HeadlessSmsSendService"
258-->src/main/AndroidManifest.xml:213:13-59
259            android:exported="true"
259-->src/main/AndroidManifest.xml:214:13-36
260            android:permission="android.permission.SEND_RESPOND_VIA_MESSAGE" >
260-->src/main/AndroidManifest.xml:215:13-77
261            <intent-filter>
261-->src/main/AndroidManifest.xml:216:13-224:29
262                <action android:name="android.intent.action.RESPOND_VIA_MESSAGE" />
262-->src/main/AndroidManifest.xml:217:17-84
262-->src/main/AndroidManifest.xml:217:25-81
263
264                <category android:name="android.intent.category.DEFAULT" />
264-->src/main/AndroidManifest.xml:79:17-76
264-->src/main/AndroidManifest.xml:79:27-73
265
266                <data android:scheme="sms" />
266-->src/main/AndroidManifest.xml:82:17-46
266-->src/main/AndroidManifest.xml:82:23-43
267                <data android:scheme="smsto" />
267-->src/main/AndroidManifest.xml:82:17-46
267-->src/main/AndroidManifest.xml:82:23-43
268                <data android:scheme="mms" />
268-->src/main/AndroidManifest.xml:82:17-46
268-->src/main/AndroidManifest.xml:82:23-43
269                <data android:scheme="mmsto" />
269-->src/main/AndroidManifest.xml:82:17-46
269-->src/main/AndroidManifest.xml:82:23-43
270            </intent-filter>
271        </service>
272        <service
272-->src/main/AndroidManifest.xml:227:9-235:19
273            android:name="dev.octoshrimpy.quik.common.util.QkChooserTargetService"
273-->src/main/AndroidManifest.xml:228:13-63
274            android:exported="false"
274-->src/main/AndroidManifest.xml:229:13-37
275            android:label="@string/app_name"
275-->src/main/AndroidManifest.xml:230:13-45
276            android:permission="android.permission.BIND_CHOOSER_TARGET_SERVICE" >
276-->src/main/AndroidManifest.xml:231:13-80
277            <intent-filter>
277-->src/main/AndroidManifest.xml:232:13-234:29
278                <action android:name="android.service.chooser.ChooserTargetService" />
278-->src/main/AndroidManifest.xml:233:17-87
278-->src/main/AndroidManifest.xml:233:25-84
279            </intent-filter>
280        </service>
281
282        <meta-data
282-->src/main/AndroidManifest.xml:237:9-239:36
283            android:name="com.callcontrol.datashare.messaging"
283-->src/main/AndroidManifest.xml:238:13-63
284            android:value="true" />
284-->src/main/AndroidManifest.xml:239:13-33
285        <meta-data
285-->src/main/AndroidManifest.xml:240:9-242:57
286            android:name="preloaded_fonts"
286-->src/main/AndroidManifest.xml:241:13-43
287            android:resource="@array/preloaded_fonts" />
287-->src/main/AndroidManifest.xml:242:13-54
288
289        <provider
290            android:name="androidx.core.content.FileProvider"
290-->src/main/AndroidManifest.xml:245:13-62
291            android:authorities="call.control.block.messaging.fileprovider"
291-->src/main/AndroidManifest.xml:246:13-64
292            android:exported="false"
292-->src/main/AndroidManifest.xml:247:13-37
293            android:grantUriPermissions="true" >
293-->src/main/AndroidManifest.xml:248:13-47
294            <meta-data